Traceback (most recent call last):
  File "iqoption.py", line 6, in <module>
    time.sleep(15)
NameError: name 'time' is not defined


====== WebDriver manager ======
Current google-chrome version is 95.0.4638
Get LATEST driver version for 95.0.4638
Driver [/home/ricardo/.wdm/drivers/chromedriver/linux64/95.0.4638.17/chromedriver] found in cache
Traceback (most recent call last):
  File "iqoption.py", line 32, in <module>
    browser.find_element_by_xpath('//*[@id="root"]/div/div[1]/div/div/form/div[1]/div/div/input').click()
  File "/home/ricardo/.local/lib/python3.8/site-packages/selenium/webdriver/remote/webelement.py", line 80, in click
    self._execute(Command.CLICK_ELEMENT)
  File "/home/ricardo/.local/lib/python3.8/site-packages/selenium/webdriver/remote/webelement.py", line 633, in _execute
    return self._parent.execute(command, params)
  File "/home/ricardo/.local/lib/python3.8/site-packages/selenium/webdriver/remote/webdriver.py", line 321, in execute
    self.error_handler.check_response(response)
  File "/home/ricardo/.local/lib/python3.8/site-packages/selenium/webdriver/remote/errorhandler.py", line 242, in check_response
    raise exception_class(message, screen, stacktrace)
selenium.common.exceptions.ElementClickInterceptedException: Message: element click intercepted: Element <input autocomplete="new-password" step="any" placeholder="NÃºmero de telefone ou e-mail" name="identifier" type="text" class="css-kvxi0i egzimz1" value=""> is not clickable at point (392, 177). Other element would receive the click: <div data-test-id="notification-inner-block" class="css-4trp3g e1mf263c1">...</div>
  (Session info: headless chrome=95.0.4638.54)

